<?xml version="1.0" encoding="UTF-8"?>
<!-- Generated by org.testng.reporters.JUnitXMLReporter -->
<testsuite ignored="1" hostname="GVG-111" failures="1" tests="11" name="Personal Loan" time="0.116" errors="0" timestamp="2024-02-19T12:24:25 IST">
  <testcase classname="TestNg_Frameworks.Demo1" name="DEF" time="0.006"/>
  <testcase classname="TestNg_Frameworks.Demo1" name="Second_test" time="0.001"/>
  <testcase classname="TestNg_Frameworks.Demo1" name="first_test" time="0.002"/>
  <testcase classname="TestNg_Frameworks.Demo1" name="waitforfewsec" time="0.006"/>
  <testcase classname="TestNg_Frameworks.Demo1" name="ABC" time="0.007"/>
  <testcase classname="TestNg_Frameworks.Demo2" name="Third_test" time="0.001"/>
  <testcase classname="TestNg_Frameworks.Demo4" name="Eighth_test" time="0.002"/>
  <testcase classname="TestNg_Frameworks.Demo4" name="Eighth_test" time="0.002"/>
  <testcase classname="TestNg_Frameworks.Demo4" name="Eighth_test" time="0.002"/>
  <testcase classname="TestNg_Frameworks.Demo4" name="Ninghth_test" time="0.001"/>
  <testcase classname="TestNg_Frameworks.Demo4" name="Seventh_test" time="0.015">
    <failure type="java.lang.AssertionError" message="expected [true] but found [false]">
      <![CDATA[java.lang.AssertionError: expected [true] but found [false]
at TestNg_Frameworks.Demo4.Seventh_test(Demo4.java:13)
at java.base/java.util.ArrayList.forEach(ArrayList.java:1511)
... Removed 31 stack frames]]>
    </failure>
  </testcase> <!-- Seventh_test -->
  <testcase classname="TestNg_Frameworks.Demo1" name="skiptestcase" time="0.0">
    <ignored/>
  </testcase> <!-- skiptestcase -->
</testsuite> <!-- Personal Loan -->
